<?xml version="1.0" encoding="UTF-8"?>
<robot generator="Robot 7.0.1 (Python 3.12.5 on win32)" generated="2024-08-31T18:52:13.370460" rpa="false" schemaversion="5">
<suite id="s1" name="Test" source="C:\Users\sonal\PycharmProjects\robotframework\test">
<suite id="s1-s1" name="Testdemo" source="C:\Users\sonal\PycharmProjects\robotframework\test\testdemo.robot">
<test id="s1-s1-t1" name="Validate Unsuccessful login" line="10">
<kw name="open the browser with url">
<kw name="Open Browser" owner="SeleniumLibrary">
<msg time="2024-08-31T18:52:13.793724" level="INFO">Opening browser 'chrome' to base url 'https://rahulshettyacademy.com/loginpagePractise/'.</msg>
<msg time="2024-08-31T18:52:17.266530" level="WARN">The chromedriver version (127.0.6533.119) detected in PATH at C:\Users\sonal\AppData\Local\Programs\Python\Python312\Scripts\chromedriver.exe might not be compatible with the detected chrome version (128.0.6613.113); currently, chromedriver 128.0.6613.86 is recommended for chrome 128.*, so it is advised to delete the driver in PATH and retry</msg>
<arg>https://rahulshettyacademy.com/loginpagePractise/</arg>
<arg>chrome</arg>
<doc>Opens a new browser instance to the optional ``url``.</doc>
<status status="PASS" start="2024-08-31T18:52:13.793724" elapsed="9.394471"/>
</kw>
<status status="PASS" start="2024-08-31T18:52:13.792671" elapsed="9.409612"/>
</kw>
<kw name="fill the login form">
<kw name="Input Text" owner="SeleniumLibrary">
<msg time="2024-08-31T18:52:23.212294" level="INFO">Typing text 'rahulshettyacademy' into text field 'css:#username'.</msg>
<msg time="2024-08-31T18:52:25.194332" level="INFO" html="true">&lt;/td&gt;&lt;/tr&gt;&lt;tr&gt;&lt;td colspan="3"&gt;&lt;a href="selenium-screenshot-1.png"&gt;&lt;img src="selenium-screenshot-1.png" width="800px"&gt;&lt;/a&gt;</msg>
<msg time="2024-08-31T18:52:25.194332" level="FAIL">Element with locator 'css:#username' not found.</msg>
<arg>css:#username</arg>
<arg>rahulshettyacademy</arg>
<doc>Types the given ``text`` into the text field identified by ``locator``.</doc>
<status status="FAIL" start="2024-08-31T18:52:23.208907" elapsed="1.997698">Element with locator 'css:#username' not found.</status>
</kw>
<kw name="Input Password" owner="SeleniumLibrary">
<arg>id:password</arg>
<arg>11111</arg>
<doc>Types the given password into the text field identified by ``locator``.</doc>
<status status="NOT RUN" start="2024-08-31T18:52:25.207583" elapsed="0.000000"/>
</kw>
<kw name="Click Button" owner="SeleniumLibrary">
<arg>id:signInBtn</arg>
<doc>Clicks the button identified by ``locator``.</doc>
<status status="NOT RUN" start="2024-08-31T18:52:25.208606" elapsed="0.000000"/>
</kw>
<status status="FAIL" start="2024-08-31T18:52:23.206416" elapsed="2.003190">Element with locator 'css:#username' not found.</status>
</kw>
<kw name="wait until its check and display error message">
<status status="NOT RUN" start="2024-08-31T18:52:25.210201" elapsed="0.000000"/>
</kw>
<kw name="verify error message is correct">
<status status="NOT RUN" start="2024-08-31T18:52:25.210710" elapsed="0.000585"/>
</kw>
<kw name="Close Browser" owner="SeleniumLibrary" type="TEARDOWN">
<doc>Closes the current browser.</doc>
<status status="PASS" start="2024-08-31T18:52:25.211832" elapsed="3.469289"/>
</kw>
<status status="FAIL" start="2024-08-31T18:52:13.791608" elapsed="14.891354">Element with locator 'css:#username' not found.</status>
</test>
<doc>Validate login form</doc>
<status status="FAIL" start="2024-08-31T18:52:13.420635" elapsed="15.265196"/>
</suite>
<status status="FAIL" start="2024-08-31T18:52:13.399205" elapsed="15.288261"/>
</suite>
<statistics>
<total>
<stat pass="0" fail="1" skip="0">All Tests</stat>
</total>
<tag>
</tag>
<suite>
<stat pass="0" fail="1" skip="0" id="s1" name="Test">Test</stat>
<stat pass="0" fail="1" skip="0" id="s1-s1" name="Testdemo">Test.Testdemo</stat>
</suite>
</statistics>
<errors>
<msg time="2024-08-31T18:52:17.266530" level="WARN">The chromedriver version (127.0.6533.119) detected in PATH at C:\Users\sonal\AppData\Local\Programs\Python\Python312\Scripts\chromedriver.exe might not be compatible with the detected chrome version (128.0.6613.113); currently, chromedriver 128.0.6613.86 is recommended for chrome 128.*, so it is advised to delete the driver in PATH and retry</msg>
</errors>
</robot>
