<?xml version="1.0" encoding="UTF-8"?>
<robot generator="Robot 7.0.1 (Python 3.12.5 on win32)" generated="2024-08-31T18:52:13.401207" rpa="false" schemaversion="5">
<suite id="s1" name="Test" source="C:\Users\sonal\PycharmProjects\robotframework\test">
<suite id="s1-s1" name="Testdemo2" source="C:\Users\sonal\PycharmProjects\robotframework\test\testdemo2.robot">
<test id="s1-s1-t1" name="Validate Unsuccessful login" line="11">
<kw name="open the browser with url" type="SETUP">
<kw name="Open Browser" owner="SeleniumLibrary">
<msg time="2024-08-31T18:52:13.785132" level="INFO">Opening browser 'chrome' to base url 'https://rahulshettyacademy.com/loginpagePractise/'.</msg>
<msg time="2024-08-31T18:52:17.188618" level="WARN">The chromedriver version (127.0.6533.119) detected in PATH at C:\Users\sonal\AppData\Local\Programs\Python\Python312\Scripts\chromedriver.exe might not be compatible with the detected chrome version (128.0.6613.113); currently, chromedriver 128.0.6613.86 is recommended for chrome 128.*, so it is advised to delete the driver in PATH and retry</msg>
<arg>https://rahulshettyacademy.com/loginpagePractise/</arg>
<arg>chrome</arg>
<doc>Opens a new browser instance to the optional ``url``.</doc>
<status status="PASS" start="2024-08-31T18:52:13.785132" elapsed="10.211029"/>
</kw>
<status status="PASS" start="2024-08-31T18:52:13.784128" elapsed="10.212033"/>
</kw>
<kw name="fill the login form">
<kw name="Input Text" owner="SeleniumLibrary">
<msg time="2024-08-31T18:52:23.996161" level="INFO">Typing text 'rahulshettyacademy' into text field 'css:#username'.</msg>
<arg>css:#username</arg>
<arg>rahulshettyacademy</arg>
<doc>Types the given ``text`` into the text field identified by ``locator``.</doc>
<status status="PASS" start="2024-08-31T18:52:23.996161" elapsed="2.009677"/>
</kw>
<kw name="Input Password" owner="SeleniumLibrary">
<msg time="2024-08-31T18:52:26.007505" level="INFO">Typing password into text field 'id:password'.</msg>
<msg time="2024-08-31T18:52:26.391396" level="INFO">Temporally setting log level to: NONE</msg>
<arg>id:password</arg>
<arg>learning</arg>
<doc>Types the given password into the text field identified by ``locator``.</doc>
<status status="PASS" start="2024-08-31T18:52:26.005838" elapsed="0.651853"/>
</kw>
<status status="PASS" start="2024-08-31T18:52:23.996161" elapsed="2.662624"/>
</kw>
<kw name="select the check box and select dropdown value as teacher">
<msg time="2024-08-31T18:52:26.668706" level="FAIL">No keyword with name 'select the check box and select dropdown value as teacher' found.</msg>
<status status="FAIL" start="2024-08-31T18:52:26.667861" elapsed="0.000845">No keyword with name 'select the check box and select dropdown value as teacher' found.</status>
</kw>
<kw name="Close Browser" owner="SeleniumLibrary" type="TEARDOWN">
<doc>Closes the current browser.</doc>
<status status="PASS" start="2024-08-31T18:52:26.670824" elapsed="2.550376"/>
</kw>
<status status="FAIL" start="2024-08-31T18:52:13.783033" elapsed="15.439165">No keyword with name 'select the check box and select dropdown value as teacher' found.</status>
</test>
<doc>Validate login form</doc>
<status status="FAIL" start="2024-08-31T18:52:13.453215" elapsed="15.770055"/>
</suite>
<status status="FAIL" start="2024-08-31T18:52:13.432101" elapsed="15.792353"/>
</suite>
<statistics>
<total>
<stat pass="0" fail="1" skip="0">All Tests</stat>
</total>
<tag>
</tag>
<suite>
<stat pass="0" fail="1" skip="0" id="s1" name="Test">Test</stat>
<stat pass="0" fail="1" skip="0" id="s1-s1" name="Testdemo2">Test.Testdemo2</stat>
</suite>
</statistics>
<errors>
<msg time="2024-08-31T18:52:17.188618" level="WARN">The chromedriver version (127.0.6533.119) detected in PATH at C:\Users\sonal\AppData\Local\Programs\Python\Python312\Scripts\chromedriver.exe might not be compatible with the detected chrome version (128.0.6613.113); currently, chromedriver 128.0.6613.86 is recommended for chrome 128.*, so it is advised to delete the driver in PATH and retry</msg>
</errors>
</robot>
